<!DOCTYPE html PUBLIC "-//W3C//DTD XHTML 1.1//EN" "https://www.w3.org/TR/xhtml11/DTD/xhtml11.dtd">
<html xmlns="https://www.w3.org/1999/xhtml">
<head>
<meta http-equiv="content-type" content="text/html; charset=UTF-8"/>
<title>TestNG Report</title>
<style type="text/css">table {margin-bottom:10px;border-collapse:collapse;empty-cells:show}th,td {border:1px solid #009;padding:.25em .5em}th {vertical-align:bottom}td {vertical-align:top}table a {font-weight:bold}.stripe td {background-color: #E6EBF9}.num {text-align:right}.passedodd td {background-color: #3F3}.passedeven td {background-color: #0A0}.skippedodd td {background-color: #DDD}.skippedeven td {background-color: #CCC}.failedodd td,.attn {background-color: #F33}.failedeven td,.stripe .attn {background-color: #D00}.stacktrace {white-space:pre;font-family:monospace}.totop {font-size:85%;text-align:center;border-bottom:2px solid #000}.invisible {display:none}</style>
</head>
<body>
<table>
<tr><th>Test</th><th># Passed</th><th># Skipped</th><th># Retried</th><th># Failed</th><th>Time (ms)</th><th>Included Groups</th><th>Excluded Groups</th></tr>
<tr><th colspan="8">Suite</th></tr>
<tr><td><a href="#t0">Oneplus 9 Pro</a></td><td class="num">1</td><td class="num">0</td><td class="num">0</td><td class="num attn">1</td><td class="num">208,984</td><td></td><td></td></tr>
<tr class="stripe"><td><a href="#t1">Samsung M31</a></td><td class="num">1</td><td class="num">0</td><td class="num">0</td><td class="num attn">1</td><td class="num">261,785</td><td></td><td></td></tr>
<tr><th>Total</th><th class="num">2</th><th class="num">0</th><th class="num">0</th><th class="num attn">2</th><th class="num">470,769</th><th colspan="2"></th></tr>
</table>
<table id='summary'><thead><tr><th>Class</th><th>Method</th><th>Start</th><th>Time (ms)</th></tr></thead><tbody><tr><th colspan="4">Suite</th></tr></tbody><tbody id="t0"><tr><th colspan="4">Oneplus 9 Pro &#8212; failed</th></tr><tr class="failedeven"><td rowspan="1">tests.GeneralStoreTest</td><td><a href="#m0">VerifyProductPurchaseFailing</a></td><td rowspan="1">1685301636972</td><td rowspan="1">23033</td></tr><tr><th colspan="4">Oneplus 9 Pro &#8212; passed</th></tr><tr class="passedeven"><td rowspan="1">tests.GeneralStoreTest</td><td><a href="#m1">VerifyProductPurchase</a></td><td rowspan="1">1685301520577</td><td rowspan="1">73148</td></tr></tbody>
<tbody id="t1"><tr><th colspan="4">Samsung M31 &#8212; failed</th></tr><tr class="failedeven"><td rowspan="1">tests.GeneralStoreTest</td><td><a href="#m2">VerifyProductPurchaseFailing</a></td><td rowspan="1">1685301659588</td><td rowspan="1">29723</td></tr><tr><th colspan="4">Samsung M31 &#8212; passed</th></tr><tr class="passedeven"><td rowspan="1">tests.GeneralStoreTest</td><td><a href="#m3">VerifyProductPurchase</a></td><td rowspan="1">1685301511731</td><td rowspan="1">84945</td></tr></tbody>
</table>
<h2>Oneplus 9 Pro</h2><h3 id="m0">tests.GeneralStoreTest#VerifyProductPurchaseFailing</h3><table class="result"><tr><th>Messages</th></tr><tr><td><div class="messages">This is the sample screenshot<br/><a href='C:\Users\Lenovo\eclipse-workspace\GeneralStoreMobile\Screenshots\Android_OnePlus 9 pro\2023-05-29_00-50-10\GeneralStoreTest\VerifyProductPurchaseFailing.png'> <img src='C:\Users\Lenovo\eclipse-workspace\GeneralStoreMobile\Screenshots\Android_OnePlus 9 pro\2023-05-29_00-50-10\GeneralStoreTest\VerifyProductPurchaseFailing.png' height='400' width='400'/> </a></div></td></tr><tr><th>Exception</th></tr><tr><td><div class="stacktrace">org.openqa.selenium.NoSuchElementException: An element could not be located on the page using the given search parameters.
For documentation on this error, please visit: https://www.seleniumhq.org/exceptions/no_such_element.html
Build info: version: &apos;3.141.59&apos;, revision: &apos;e82be7d358&apos;, time: &apos;2018-11-14T08:17:03&apos;
System info: host: &apos;DESKTOP-SRI8GR7&apos;, ip: &apos;192.168.0.110&apos;, os.name: &apos;Windows 10&apos;, os.arch: &apos;amd64&apos;, os.version: &apos;10.0&apos;, java.version: &apos;1.8.0_351&apos;
Driver info: io.appium.java_client.android.AndroidDriver
Capabilities {app: C:\Users\Lenovo\eclipse-wor..., appActivity: com.androidsample.generalst..., appPackage: com.androidsample.generalstore, automationName: UiAutomator2, chromedriverExecutable: C:\Users\Lenovo\eclipse-wor..., databaseEnabled: false, desired: {app: C:\Users\Lenovo\eclipse-wor..., appActivity: com.androidsample.generalst..., appPackage: com.androidsample.generalstore, automationName: UiAutomator2, chromedriverExecutable: C:\Users\Lenovo\eclipse-wor..., deviceName: OnePlus 9 pro, fullReset: true, platformName: android, udid: 192.168.0.104:5555}, deviceApiLevel: 33, deviceManufacturer: OnePlus, deviceModel: LE2121, deviceName: 192.168.0.104:5555, deviceScreenDensity: 560, deviceScreenSize: 1440x3216, deviceUDID: 192.168.0.104:5555, fullReset: true, javascriptEnabled: true, locationContextEnabled: false, networkConnectionEnabled: true, pixelRatio: 3.5, platform: LINUX, platformName: Android, platformVersion: 13, statBarHeight: 128, takesScreenshot: true, udid: 192.168.0.104:5555, viewportRect: {height: 2960, left: 0, top: 128, width: 1440}, warnings: {}, webStorageEnabled: false}
Session ID: 70402cc6-5e75-47e5-84cf-f894a47c9a65
*** Element info: {Using=-android uiautomator, value=new UiScrollable(new UiSelector()).scrollIntoView(new UiSelector().text(&quot;PG 3	&quot;));}
	at org.openqa.selenium.remote.http.W3CHttpResponseCodec.createException(W3CHttpResponseCodec.java:187)
	at org.openqa.selenium.remote.http.W3CHttpResponseCodec.decode(W3CHttpResponseCodec.java:122)
	at org.openqa.selenium.remote.http.W3CHttpResponseCodec.decode(W3CHttpResponseCodec.java:49)
	at org.openqa.selenium.remote.HttpCommandExecutor.execute(HttpCommandExecutor.java:158)
	at io.appium.java_client.remote.AppiumCommandExecutor.execute(AppiumCommandExecutor.java:250)
	at org.openqa.selenium.remote.RemoteWebDriver.execute(RemoteWebDriver.java:552)
	at io.appium.java_client.DefaultGenericMobileDriver.execute(DefaultGenericMobileDriver.java:41)
	at io.appium.java_client.AppiumDriver.execute(AppiumDriver.java:1)
	at io.appium.java_client.android.AndroidDriver.execute(AndroidDriver.java:1)
	at org.openqa.selenium.remote.RemoteWebDriver.findElement(RemoteWebDriver.java:323)
	at io.appium.java_client.DefaultGenericMobileDriver.findElement(DefaultGenericMobileDriver.java:61)
	at io.appium.java_client.AppiumDriver.findElement(AppiumDriver.java:1)
	at io.appium.java_client.android.AndroidDriver.findElement(AndroidDriver.java:1)
	at io.appium.java_client.FindsByAndroidUIAutomator.findElementByAndroidUIAutomator(FindsByAndroidUIAutomator.java:38)
	at io.appium.java_client.MobileBy$ByAndroidUIAutomator.findElement(MobileBy.java:220)
	at org.openqa.selenium.remote.RemoteWebDriver.findElement(RemoteWebDriver.java:315)
	at io.appium.java_client.DefaultGenericMobileDriver.findElement(DefaultGenericMobileDriver.java:57)
	at io.appium.java_client.AppiumDriver.findElement(AppiumDriver.java:1)
	at io.appium.java_client.android.AndroidDriver.findElement(AndroidDriver.java:1)
	at pages.ProductPage.addProductToCart(ProductPage.java:50)
	at tests.GeneralStoreTest.VerifyProductPurchaseFailing(GeneralStoreTest.java:122)
	at java.util.ArrayList.forEach(ArrayList.java:1259)
	at java.util.concurrent.FutureTask.run(FutureTask.java:266)
	at java.util.concurrent.ThreadPoolExecutor.runWorker(ThreadPoolExecutor.java:1149)
	at java.util.concurrent.ThreadPoolExecutor$Worker.run(ThreadPoolExecutor.java:624)
	at java.lang.Thread.run(Thread.java:750)
... Removed 22 stack frames</div></td></tr></table><p class="totop"><a href="#summary">back to summary</a></p>
<h3 id="m1">tests.GeneralStoreTest#VerifyProductPurchase</h3><table class="result"><tr class="param"><th>Parameter #1</th><th>Parameter #2</th><th>Parameter #3</th><th>Parameter #4</th><th>Parameter #5</th><th>Parameter #6</th></tr><tr class="param stripe"><td>Test</td><td>Brazil</td><td>Female</td><td>PG 3</td><td>Nike SFB Jungle</td><td>General Store</td></tr></table><p class="totop"><a href="#summary">back to summary</a></p>
<h2>Samsung M31</h2><h3 id="m2">tests.GeneralStoreTest#VerifyProductPurchaseFailing</h3><table class="result"><tr><th>Messages</th></tr><tr><td><div class="messages">This is the sample screenshot<br/><a href='C:\Users\Lenovo\eclipse-workspace\GeneralStoreMobile\Screenshots\Android_Samsung M31\2023-05-29_00-50-42\GeneralStoreTest\VerifyProductPurchaseFailing.png'> <img src='C:\Users\Lenovo\eclipse-workspace\GeneralStoreMobile\Screenshots\Android_Samsung M31\2023-05-29_00-50-42\GeneralStoreTest\VerifyProductPurchaseFailing.png' height='400' width='400'/> </a></div></td></tr><tr><th>Exception</th></tr><tr><td><div class="stacktrace">org.openqa.selenium.NoSuchElementException: An element could not be located on the page using the given search parameters.
For documentation on this error, please visit: https://www.seleniumhq.org/exceptions/no_such_element.html
Build info: version: &apos;3.141.59&apos;, revision: &apos;e82be7d358&apos;, time: &apos;2018-11-14T08:17:03&apos;
System info: host: &apos;DESKTOP-SRI8GR7&apos;, ip: &apos;192.168.0.110&apos;, os.name: &apos;Windows 10&apos;, os.arch: &apos;amd64&apos;, os.version: &apos;10.0&apos;, java.version: &apos;1.8.0_351&apos;
Driver info: io.appium.java_client.android.AndroidDriver
Capabilities {app: C:\Users\Lenovo\eclipse-wor..., appActivity: com.androidsample.generalst..., appPackage: com.androidsample.generalstore, automationName: UiAutomator2, chromedriverExecutable: C:\Users\Lenovo\eclipse-wor..., databaseEnabled: false, desired: {app: C:\Users\Lenovo\eclipse-wor..., appActivity: com.androidsample.generalst..., appPackage: com.androidsample.generalstore, automationName: UiAutomator2, chromedriverExecutable: C:\Users\Lenovo\eclipse-wor..., deviceName: Samsung M31, fullReset: true, platformName: android, udid: RZ8N71N5TZB}, deviceApiLevel: 31, deviceManufacturer: samsung, deviceModel: SM-M315F, deviceName: RZ8N71N5TZB, deviceScreenDensity: 420, deviceScreenSize: 1080x2340, deviceUDID: RZ8N71N5TZB, fullReset: true, javascriptEnabled: true, locationContextEnabled: false, networkConnectionEnabled: true, pixelRatio: 2.625, platform: LINUX, platformName: Android, platformVersion: 12, statBarHeight: 78, takesScreenshot: true, udid: RZ8N71N5TZB, viewportRect: {height: 2053, left: 0, top: 78, width: 1080}, warnings: {}, webStorageEnabled: false}
Session ID: 543883b6-2945-4647-a9ce-66c078610e36
*** Element info: {Using=-android uiautomator, value=new UiScrollable(new UiSelector()).scrollIntoView(new UiSelector().text(&quot;PG 3	&quot;));}
	at org.openqa.selenium.remote.http.W3CHttpResponseCodec.createException(W3CHttpResponseCodec.java:187)
	at org.openqa.selenium.remote.http.W3CHttpResponseCodec.decode(W3CHttpResponseCodec.java:122)
	at org.openqa.selenium.remote.http.W3CHttpResponseCodec.decode(W3CHttpResponseCodec.java:49)
	at org.openqa.selenium.remote.HttpCommandExecutor.execute(HttpCommandExecutor.java:158)
	at io.appium.java_client.remote.AppiumCommandExecutor.execute(AppiumCommandExecutor.java:250)
	at org.openqa.selenium.remote.RemoteWebDriver.execute(RemoteWebDriver.java:552)
	at io.appium.java_client.DefaultGenericMobileDriver.execute(DefaultGenericMobileDriver.java:41)
	at io.appium.java_client.AppiumDriver.execute(AppiumDriver.java:1)
	at io.appium.java_client.android.AndroidDriver.execute(AndroidDriver.java:1)
	at org.openqa.selenium.remote.RemoteWebDriver.findElement(RemoteWebDriver.java:323)
	at io.appium.java_client.DefaultGenericMobileDriver.findElement(DefaultGenericMobileDriver.java:61)
	at io.appium.java_client.AppiumDriver.findElement(AppiumDriver.java:1)
	at io.appium.java_client.android.AndroidDriver.findElement(AndroidDriver.java:1)
	at io.appium.java_client.FindsByAndroidUIAutomator.findElementByAndroidUIAutomator(FindsByAndroidUIAutomator.java:38)
	at io.appium.java_client.MobileBy$ByAndroidUIAutomator.findElement(MobileBy.java:220)
	at org.openqa.selenium.remote.RemoteWebDriver.findElement(RemoteWebDriver.java:315)
	at io.appium.java_client.DefaultGenericMobileDriver.findElement(DefaultGenericMobileDriver.java:57)
	at io.appium.java_client.AppiumDriver.findElement(AppiumDriver.java:1)
	at io.appium.java_client.android.AndroidDriver.findElement(AndroidDriver.java:1)
	at pages.ProductPage.addProductToCart(ProductPage.java:50)
	at tests.GeneralStoreTest.VerifyProductPurchaseFailing(GeneralStoreTest.java:122)
	at java.util.ArrayList.forEach(ArrayList.java:1259)
	at java.util.concurrent.FutureTask.run(FutureTask.java:266)
	at java.util.concurrent.ThreadPoolExecutor.runWorker(ThreadPoolExecutor.java:1149)
	at java.util.concurrent.ThreadPoolExecutor$Worker.run(ThreadPoolExecutor.java:624)
	at java.lang.Thread.run(Thread.java:750)
... Removed 22 stack frames</div></td></tr></table><p class="totop"><a href="#summary">back to summary</a></p>
<h3 id="m3">tests.GeneralStoreTest#VerifyProductPurchase</h3><table class="result"><tr class="param"><th>Parameter #1</th><th>Parameter #2</th><th>Parameter #3</th><th>Parameter #4</th><th>Parameter #5</th><th>Parameter #6</th></tr><tr class="param stripe"><td>Test</td><td>Brazil</td><td>Female</td><td>PG 3</td><td>Nike SFB Jungle</td><td>General Store</td></tr></table><p class="totop"><a href="#summary">back to summary</a></p>
</body>
</html>
