<!DOCTYPE html PUBLIC "-//W3C//DTD XHTML 1.1//EN" "https://www.w3.org/TR/xhtml11/DTD/xhtml11.dtd">
<html xmlns="https://www.w3.org/1999/xhtml">
<head>
<meta http-equiv="content-type" content="text/html; charset=UTF-8"/>
<title>TestNG Report</title>
<style type="text/css">table {margin-bottom:10px;border-collapse:collapse;empty-cells:show}th,td {border:1px solid #009;padding:.25em .5em}th {vertical-align:bottom}td {vertical-align:top}table a {font-weight:bold}.stripe td {background-color: #E6EBF9}.num {text-align:right}.passedodd td {background-color: #3F3}.passedeven td {background-color: #0A0}.skippedodd td {background-color: #DDD}.skippedeven td {background-color: #CCC}.failedodd td,.attn {background-color: #F33}.failedeven td,.stripe .attn {background-color: #D00}.stacktrace {white-space:pre;font-family:monospace}.totop {font-size:85%;text-align:center;border-bottom:2px solid #000}.invisible {display:none}</style>
</head>
<body>
<table>
<tr><th>Test</th><th># Passed</th><th># Skipped</th><th># Retried</th><th># Failed</th><th>Time (ms)</th><th>Included Groups</th><th>Excluded Groups</th></tr>
<tr><th colspan="8">Suite</th></tr>
<tr><td><a href="#t0">Oneplus 9 Pro</a></td><td class="num">1</td><td class="num">0</td><td class="num">0</td><td class="num attn">1</td><td class="num">141,461</td><td></td><td></td></tr>
<tr class="stripe"><td><a href="#t1">Samsung M31</a></td><td class="num">1</td><td class="num">0</td><td class="num">0</td><td class="num attn">1</td><td class="num">160,557</td><td></td><td></td></tr>
<tr><th>Total</th><th class="num">2</th><th class="num">0</th><th class="num">0</th><th class="num attn">2</th><th class="num">302,018</th><th colspan="2"></th></tr>
</table>
<table id='summary'><thead><tr><th>Class</th><th>Method</th><th>Start</th><th>Time (ms)</th></tr></thead><tbody><tr><th colspan="4">Suite</th></tr></tbody><tbody id="t0"><tr><th colspan="4">Oneplus 9 Pro &#8212; failed</th></tr><tr class="failedeven"><td rowspan="1">tests.GeneralStoreTest</td><td><a href="#m0">VerifyProductPurchaseFailing</a></td><td rowspan="1">1685308081735</td><td rowspan="1">24552</td></tr><tr><th colspan="4">Oneplus 9 Pro &#8212; passed</th></tr><tr class="passedeven"><td rowspan="1">tests.GeneralStoreTest</td><td><a href="#m1">VerifyProductPurchase</a></td><td rowspan="1">1685308000781</td><td rowspan="1">50561</td></tr></tbody>
<tbody id="t1"><tr><th colspan="4">Samsung M31 &#8212; failed</th></tr><tr class="failedeven"><td rowspan="1">tests.GeneralStoreTest</td><td><a href="#m2">VerifyProductPurchaseFailing</a></td><td rowspan="1">1685308088582</td><td rowspan="1">30652</td></tr><tr><th colspan="4">Samsung M31 &#8212; passed</th></tr><tr class="passedeven"><td rowspan="1">tests.GeneralStoreTest</td><td><a href="#m3">VerifyProductPurchase</a></td><td rowspan="1">1685307995489</td><td rowspan="1">57510</td></tr></tbody>
</table>
<h2>Oneplus 9 Pro</h2><h3 id="m0">tests.GeneralStoreTest#VerifyProductPurchaseFailing</h3><table class="result"><tr><th>Exception</th></tr><tr><td><div class="stacktrace">java.lang.AssertionError: expected [3] but found [2]
	at testutils.Assertion.assertEquals(Assertion.java:22)
	at pages.ProductPage.verifyCartItemCount(ProductPage.java:58)
	at tests.GeneralStoreTest.VerifyProductPurchaseFailing(GeneralStoreTest.java:126)
	at java.util.ArrayList.forEach(Unknown Source)
	at java.util.concurrent.FutureTask.run(Unknown Source)
	at java.util.concurrent.ThreadPoolExecutor.runWorker(Unknown Source)
	at java.util.concurrent.ThreadPoolExecutor$Worker.run(Unknown Source)
	at java.lang.Thread.run(Unknown Source)
... Removed 24 stack frames</div></td></tr></table><p class="totop"><a href="#summary">back to summary</a></p>
<h3 id="m1">tests.GeneralStoreTest#VerifyProductPurchase</h3><table class="result"><tr class="param"><th>Parameter #1</th><th>Parameter #2</th><th>Parameter #3</th><th>Parameter #4</th><th>Parameter #5</th><th>Parameter #6</th></tr><tr class="param stripe"><td>Test</td><td>Brazil</td><td>Female</td><td>PG 3</td><td>Nike SFB Jungle</td><td>General Store</td></tr></table><p class="totop"><a href="#summary">back to summary</a></p>
<h2>Samsung M31</h2><h3 id="m2">tests.GeneralStoreTest#VerifyProductPurchaseFailing</h3><table class="result"><tr><th>Exception</th></tr><tr><td><div class="stacktrace">java.lang.AssertionError: expected [3] but found [2]
	at testutils.Assertion.assertEquals(Assertion.java:22)
	at pages.ProductPage.verifyCartItemCount(ProductPage.java:58)
	at tests.GeneralStoreTest.VerifyProductPurchaseFailing(GeneralStoreTest.java:126)
	at java.util.ArrayList.forEach(Unknown Source)
	at java.util.concurrent.FutureTask.run(Unknown Source)
	at java.util.concurrent.ThreadPoolExecutor.runWorker(Unknown Source)
	at java.util.concurrent.ThreadPoolExecutor$Worker.run(Unknown Source)
	at java.lang.Thread.run(Unknown Source)
... Removed 24 stack frames</div></td></tr></table><p class="totop"><a href="#summary">back to summary</a></p>
<h3 id="m3">tests.GeneralStoreTest#VerifyProductPurchase</h3><table class="result"><tr class="param"><th>Parameter #1</th><th>Parameter #2</th><th>Parameter #3</th><th>Parameter #4</th><th>Parameter #5</th><th>Parameter #6</th></tr><tr class="param stripe"><td>Test</td><td>Brazil</td><td>Female</td><td>PG 3</td><td>Nike SFB Jungle</td><td>General Store</td></tr></table><p class="totop"><a href="#summary">back to summary</a></p>
</body>
</html>
